<?xml version="1.0" encoding="UTF-8"?>
<coverage generated="1743086444518" clover="3.2.0">
  <project timestamp="1743086444518" name="All files">
    <metrics statements="21" coveredstatements="17" conditionals="12" coveredconditionals="6" methods="4" coveredmethods="3" elements="37" coveredelements="26" complexity="0" loc="21" ncloc="21" packages="2" files="2" classes="2"/>
    <package name="app">
      <metrics statements="5" coveredstatements="4" conditionals="8" coveredconditionals="3" methods="1" coveredmethods="1"/>
      <file name="config.ts" path="C:\Users\natha\Py_Coding_Projects\Keyhole_Automation_Platform\frontend\Keyhole-Solution-App\app\config.ts">
        <metrics statements="5" coveredstatements="4" conditionals="8" coveredconditionals="3" methods="1" coveredmethods="1"/>
        <line num="5" count="1" type="stmt"/>
        <line num="7" count="1" type="cond" truecount="1" falsecount="1"/>
        <line num="8" count="0" type="cond" truecount="0" falsecount="2"/>
        <line num="12" count="1" type="cond" truecount="1" falsecount="1"/>
        <line num="15" count="1" type="stmt"/>
      </file>
    </package>
    <package name="app.screens">
      <metrics statements="16" coveredstatements="13" conditionals="4" coveredconditionals="3" methods="3" coveredmethods="2"/>
      <file name="RegisterScreen.tsx" path="C:\Users\natha\Py_Coding_Projects\Keyhole_Automation_Platform\frontend\Keyhole-Solution-App\app\screens\RegisterScreen.tsx">
        <metrics statements="16" coveredstatements="13" conditionals="4" coveredconditionals="3" methods="3" coveredmethods="2"/>
        <line num="8" count="1" type="stmt"/>
        <line num="9" count="6" type="stmt"/>
        <line num="10" count="6" type="stmt"/>
        <line num="11" count="6" type="stmt"/>
        <line num="13" count="6" type="stmt"/>
        <line num="14" count="2" type="stmt"/>
        <line num="15" count="2" type="stmt"/>
        <line num="21" count="2" type="stmt"/>
        <line num="23" count="2" type="cond" truecount="2" falsecount="0"/>
        <line num="24" count="1" type="stmt"/>
        <line num="27" count="0" type="stmt"/>
        <line num="30" count="1" type="cond" truecount="1" falsecount="1"/>
        <line num="33" count="0" type="stmt"/>
        <line num="34" count="0" type="stmt"/>
        <line num="38" count="6" type="stmt"/>
        <line num="68" count="1" type="stmt"/>
      </file>
    </package>
  </project>
</coverage>
