{"C:\\Users\\natha\\Py_Coding_Projects\\Keyhole_Automation_Platform\\frontend\\Keyhole-Solution-App\\app\\config.ts": {"path":"C:\\Users\\natha\\Py_Coding_Projects\\Keyhole_Automation_Platform\\frontend\\Keyhole-Solution-App\\app\\config.ts","statementMap":{"0":{"start":{"line":5,"column":22},"end":{"line":13,"column":1}},"1":{"start":{"line":7,"column":2},"end":{"line":9,"column":3}},"2":{"start":{"line":8,"column":4},"end":{"line":8,"column":82}},"3":{"start":{"line":12,"column":2},"end":{"line":12,"column":73}},"4":{"start":{"line":15,"column":22},"end":{"line":21,"column":1}}},"fnMap":{"0":{"name":"(anonymous_0)","decl":{"start":{"line":5,"column":22},"end":{"line":5,"column":23}},"loc":{"start":{"line":5,"column":36},"end":{"line":13,"column":1}},"line":5}},"branchMap":{"0":{"loc":{"start":{"line":7,"column":2},"end":{"line":9,"column":3}},"type":"if","locations":[{"start":{"line":7,"column":2},"end":{"line":9,"column":3}},{"start":{},"end":{}}],"line":7},"1":{"loc":{"start":{"line":8,"column":11},"end":{"line":8,"column":81}},"type":"binary-expr","locations":[{"start":{"line":8,"column":11},"end":{"line":8,"column":55}},{"start":{"line":8,"column":59},"end":{"line":8,"column":81}}],"line":8},"2":{"loc":{"start":{"line":12,"column":9},"end":{"line":12,"column":72}},"type":"binary-expr","locations":[{"start":{"line":12,"column":9},"end":{"line":12,"column":45}},{"start":{"line":12,"column":49},"end":{"line":12,"column":72}}],"line":12},"3":{"loc":{"start":{"line":18,"column":7},"end":{"line":18,"column":51}},"type":"binary-expr","locations":[{"start":{"line":18,"column":7},"end":{"line":18,"column":34}},{"start":{"line":18,"column":38},"end":{"line":18,"column":51}}],"line":18}},"s":{"0":1,"1":1,"2":0,"3":1,"4":1},"f":{"0":1},"b":{"0":[0,1],"1":[0,0],"2":[1,0],"3":[1,0]},"_coverageSchema":"1a1c01bbd47fc00a2c39e90264f33305004495a9","hash":"6d9580d074125c787e271609a0f2fb585974897d"}
,"C:\\Users\\natha\\Py_Coding_Projects\\Keyhole_Automation_Platform\\frontend\\Keyhole-Solution-App\\app\\screens\\RegisterScreen.tsx": {"path":"C:\\Users\\natha\\Py_Coding_Projects\\Keyhole_Automation_Platform\\frontend\\Keyhole-Solution-App\\app\\screens\\RegisterScreen.tsx","statementMap":{"0":{"start":{"line":8,"column":23},"end":{"line":64,"column":1}},"1":{"start":{"line":9,"column":17},"end":{"line":9,"column":28}},"2":{"start":{"line":10,"column":28},"end":{"line":10,"column":40}},"3":{"start":{"line":11,"column":34},"end":{"line":11,"column":46}},"4":{"start":{"line":13,"column":25},"end":{"line":36,"column":3}},"5":{"start":{"line":14,"column":4},"end":{"line":35,"column":5}},"6":{"start":{"line":15,"column":23},"end":{"line":19,"column":8}},"7":{"start":{"line":21,"column":19},"end":{"line":21,"column":40}},"8":{"start":{"line":23,"column":6},"end":{"line":31,"column":7}},"9":{"start":{"line":24,"column":8},"end":{"line":28,"column":10}},"10":{"start":{"line":27,"column":40},"end":{"line":27,"column":78}},"11":{"start":{"line":30,"column":8},"end":{"line":30,"column":83}},"12":{"start":{"line":33,"column":6},"end":{"line":33,"column":58}},"13":{"start":{"line":34,"column":6},"end":{"line":34,"column":77}},"14":{"start":{"line":38,"column":2},"end":{"line":63,"column":4}},"15":{"start":{"line":68,"column":15},"end":{"line":78,"column":2}}},"fnMap":{"0":{"name":"(anonymous_0)","decl":{"start":{"line":8,"column":23},"end":{"line":8,"column":24}},"loc":{"start":{"line":8,"column":29},"end":{"line":64,"column":1}},"line":8},"1":{"name":"(anonymous_1)","decl":{"start":{"line":13,"column":25},"end":{"line":13,"column":26}},"loc":{"start":{"line":13,"column":37},"end":{"line":36,"column":3}},"line":13},"2":{"name":"(anonymous_2)","decl":{"start":{"line":27,"column":34},"end":{"line":27,"column":35}},"loc":{"start":{"line":27,"column":40},"end":{"line":27,"column":78}},"line":27}},"branchMap":{"0":{"loc":{"start":{"line":23,"column":6},"end":{"line":31,"column":7}},"type":"if","locations":[{"start":{"line":23,"column":6},"end":{"line":31,"column":7}},{"start":{"line":29,"column":13},"end":{"line":31,"column":7}}],"line":23},"1":{"loc":{"start":{"line":30,"column":43},"end":{"line":30,"column":81}},"type":"binary-expr","locations":[{"start":{"line":30,"column":43},"end":{"line":30,"column":54}},{"start":{"line":30,"column":58},"end":{"line":30,"column":81}}],"line":30}},"s":{"0":1,"1":6,"2":6,"3":6,"4":6,"5":2,"6":2,"7":2,"8":2,"9":1,"10":0,"11":1,"12":0,"13":0,"14":6,"15":1},"f":{"0":6,"1":2,"2":0},"b":{"0":[1,1],"1":[1,0]},"_coverageSchema":"1a1c01bbd47fc00a2c39e90264f33305004495a9","hash":"ef408335289236891b8486df9e2dbb8ef8c8e66a"}
}
