TN:
SF:app\config.ts
FN:5,(anonymous_0)
FNF:1
FNH:1
FNDA:1,(anonymous_0)
DA:5,1
DA:7,1
DA:8,0
DA:12,1
DA:15,1
LF:5
LH:4
BRDA:7,0,0,0
BRDA:7,0,1,1
BRDA:8,1,0,0
BRDA:8,1,1,0
BRDA:12,2,0,1
BRDA:12,2,1,0
BRDA:18,3,0,1
BRDA:18,3,1,0
BRF:8
BRH:3
end_of_record
TN:
SF:app\screens\RegisterScreen.tsx
FN:8,(anonymous_0)
FN:13,(anonymous_1)
FN:27,(anonymous_2)
FNF:3
FNH:2
FNDA:6,(anonymous_0)
FNDA:2,(anonymous_1)
FNDA:0,(anonymous_2)
DA:8,1
DA:9,6
DA:10,6
DA:11,6
DA:13,6
DA:14,2
DA:15,2
DA:21,2
DA:23,2
DA:24,1
DA:27,0
DA:30,1
DA:33,0
DA:34,0
DA:38,6
DA:68,1
LF:16
LH:13
BRDA:23,0,0,1
BRDA:23,0,1,1
BRDA:30,1,0,1
BRDA:30,1,1,0
BRF:4
BRH:3
end_of_record
